# JRE version: Java(TM) SE Runtime Environment (8.0_101-b13) (build 1.8.0_101-b13)
# Java VM: Java HotSpot(TM) 64-Bit Server VM (25.101-b13 mixed mode windows-amd64 compressed oops)
Heap:
 PSYoungGen      total 76288K, used 37467K [0x00000000eab00000, 0x00000000f0000000, 0x0000000100000000)
  eden space 68608K, 44% used [0x00000000eab00000,0x00000000ec8ca3b0,0x00000000eee00000)
  from space 7680K, 90% used [0x00000000ef680000,0x00000000efd4caa8,0x00000000efe00000)
  to   space 8704K, 0% used [0x00000000eee00000,0x00000000eee00000,0x00000000ef680000)
 ParOldGen       total 22016K, used 14078K [0x00000000c0000000, 0x00000000c1580000, 0x00000000eab00000)
  object space 22016K, 63% used [0x00000000c0000000,0x00000000c0dbfb88,0x00000000c1580000)
 Metaspace       used 6165K, capacity 7152K, committed 7296K, reserved 1056768K
  class space    used 591K, capacity 616K, committed 640K, reserved 1048576K
GC Heap History (10 events):
Event: 26.254 GC heap before
{Heap before GC invocations=2 (full 0):
 PSYoungGen      total 9728K, used 9717K [0x00000000eab00000, 0x00000000ebe00000, 0x0000000100000000)
  eden space 8704K, 100% used [0x00000000eab00000,0x00000000eb380000,0x00000000eb380000)
  from space 1024K, 98% used [0x00000000eb380000,0x00000000eb47d628,0x00000000eb480000)
  to   space 1024K, 0% used [0x00000000ebd00000,0x00000000ebd00000,0x00000000ebe00000)
 ParOldGen       total 22016K, used 184K [0x00000000c0000000, 0x00000000c1580000, 0x00000000eab00000)
  object space 22016K, 0% used [0x00000000c0000000,0x00000000c002e000,0x00000000c1580000)
 Metaspace       used 5689K, capacity 6768K, committed 7040K, reserved 1056768K
  class space    used 587K, capacity 616K, committed 640K, reserved 1048576K
Event: 26.324 GC heap after
Heap after GC invocations=2 (full 0):
 PSYoungGen      total 18432K, used 992K [0x00000000eab00000, 0x00000000ebe00000, 0x0000000100000000)
  eden space 17408K, 0% used [0x00000000eab00000,0x00000000eab00000,0x00000000ebc00000)
  from space 1024K, 96% used [0x00000000ebd00000,0x00000000ebdf8018,0x00000000ebe00000)
  to   space 1024K, 0% used [0x00000000ebc00000,0x00000000ebc00000,0x00000000ebd00000)
 ParOldGen       total 22016K, used 2335K [0x00000000c0000000, 0x00000000c1580000, 0x00000000eab00000)
  object space 22016K, 10% used [0x00000000c0000000,0x00000000c0247d58,0x00000000c1580000)
 Metaspace       used 5689K, capacity 6768K, committed 7040K, reserved 1056768K
  class space    used 587K, capacity 616K, committed 640K, reserved 1048576K
}
Event: 30.617 GC heap before
{Heap before GC invocations=3 (full 0):
 PSYoungGen      total 18432K, used 18400K [0x00000000eab00000, 0x00000000ebe00000, 0x0000000100000000)
  eden space 17408K, 100% used [0x00000000eab00000,0x00000000ebc00000,0x00000000ebc00000)
  from space 1024K, 96% used [0x00000000ebd00000,0x00000000ebdf8018,0x00000000ebe00000)
  to   space 1024K, 0% used [0x00000000ebc00000,0x00000000ebc00000,0x00000000ebd00000)
 ParOldGen       total 22016K, used 2335K [0x00000000c0000000, 0x00000000c1580000, 0x00000000eab00000)
  object space 22016K, 10% used [0x00000000c0000000,0x00000000c0247d58,0x00000000c1580000)
 Metaspace       used 5959K, capacity 6960K, committed 7040K, reserved 1056768K
  class space    used 590K, capacity 616K, committed 640K, reserved 1048576K
Event: 30.732 GC heap after
Heap after GC invocations=3 (full 0):
 PSYoungGen      total 18432K, used 992K [0x00000000eab00000, 0x00000000ecf00000, 0x0000000100000000)
  eden space 17408K, 0% used [0x00000000eab00000,0x00000000eab00000,0x00000000ebc00000)
  from space 1024K, 96% used [0x00000000ebc00000,0x00000000ebcf8028,0x00000000ebd00000)
  to   space 1024K, 0% used [0x00000000ece00000,0x00000000ece00000,0x00000000ecf00000)
 ParOldGen       total 22016K, used 5131K [0x00000000c0000000, 0x00000000c1580000, 0x00000000eab00000)
  object space 22016K, 23% used [0x00000000c0000000,0x00000000c0502df8,0x00000000c1580000)
 Metaspace       used 5959K, capacity 6960K, committed 7040K, reserved 1056768K
  class space    used 590K, capacity 616K, committed 640K, reserved 1048576K
}
Event: 33.834 GC heap before
{Heap before GC invocations=4 (full 0):
 PSYoungGen      total 18432K, used 18400K [0x00000000eab00000, 0x00000000ecf00000, 0x0000000100000000)
  eden space 17408K, 100% used [0x00000000eab00000,0x00000000ebc00000,0x00000000ebc00000)
  from space 1024K, 96% used [0x00000000ebc00000,0x00000000ebcf8028,0x00000000ebd00000)
  to   space 1024K, 0% used [0x00000000ece00000,0x00000000ece00000,0x00000000ecf00000)
 ParOldGen       total 22016K, used 5131K [0x00000000c0000000, 0x00000000c1580000, 0x00000000eab00000)
  object space 22016K, 23% used [0x00000000c0000000,0x00000000c0502df8,0x00000000c1580000)
 Metaspace       used 6080K, capacity 7088K, committed 7296K, reserved 1056768K
  class space    used 591K, capacity 616K, committed 640K, reserved 1048576K
Event: 33.868 GC heap after
Heap after GC invocations=4 (full 0):
 PSYoungGen      total 35840K, used 1014K [0x00000000eab00000, 0x00000000ecf00000, 0x0000000100000000)
  eden space 34816K, 0% used [0x00000000eab00000,0x00000000eab00000,0x00000000ecd00000)
  from space 1024K, 99% used [0x00000000ece00000,0x00000000ecefd880,0x00000000ecf00000)
  to   space 1024K, 0% used [0x00000000ecd00000,0x00000000ecd00000,0x00000000ece00000)
 ParOldGen       total 22016K, used 8544K [0x00000000c0000000, 0x00000000c1580000, 0x00000000eab00000)
  object space 22016K, 38% used [0x00000000c0000000,0x00000000c0858010,0x00000000c1580000)
 Metaspace       used 6080K, capacity 7088K, committed 7296K, reserved 1056768K
  class space    used 591K, capacity 616K, committed 640K, reserved 1048576K
}
Event: 38.998 GC heap before
{Heap before GC invocations=5 (full 0):
 PSYoungGen      total 35840K, used 35830K [0x00000000eab00000, 0x00000000ecf00000, 0x0000000100000000)
  eden space 34816K, 100% used [0x00000000eab00000,0x00000000ecd00000,0x00000000ecd00000)
  from space 1024K, 99% used [0x00000000ece00000,0x00000000ecefd880,0x00000000ecf00000)
  to   space 1024K, 0% used [0x00000000ecd00000,0x00000000ecd00000,0x00000000ece00000)
 ParOldGen       total 22016K, used 8544K [0x00000000c0000000, 0x00000000c1580000, 0x00000000eab00000)
  object space 22016K, 38% used [0x00000000c0000000,0x00000000c0858010,0x00000000c1580000)
 Metaspace       used 6130K, capacity 7152K, committed 7296K, reserved 1056768K
  class space    used 591K, capacity 616K, committed 640K, reserved 1048576K
Event: 39.310 GC heap after
Heap after GC invocations=5 (full 0):
 PSYoungGen      total 35840K, used 995K [0x00000000eab00000, 0x00000000efe00000, 0x0000000100000000)
  eden space 34816K, 0% used [0x00000000eab00000,0x00000000eab00000,0x00000000ecd00000)
  from space 1024K, 97% used [0x00000000ecd00000,0x00000000ecdf8ec0,0x00000000ece00000)
  to   space 7680K, 0% used [0x00000000ef680000,0x00000000ef680000,0x00000000efe00000)
 ParOldGen       total 22016K, used 14070K [0x00000000c0000000, 0x00000000c1580000, 0x00000000eab00000)
  object space 22016K, 63% used [0x00000000c0000000,0x00000000c0dbdb88,0x00000000c1580000)
 Metaspace       used 6130K, capacity 7152K, committed 7296K, reserved 1056768K
  class space    used 591K, capacity 616K, committed 640K, reserved 1048576K
}
Event: 43.618 GC heap before
{Heap before GC invocations=6 (full 0):
 PSYoungGen      total 35840K, used 35811K [0x00000000eab00000, 0x00000000efe00000, 0x0000000100000000)
  eden space 34816K, 100% used [0x00000000eab00000,0x00000000ecd00000,0x00000000ecd00000)
  from space 1024K, 97% used [0x00000000ecd00000,0x00000000ecdf8ec0,0x00000000ece00000)
  to   space 7680K, 0% used [0x00000000ef680000,0x00000000ef680000,0x00000000efe00000)
 ParOldGen       total 22016K, used 14070K [0x00000000c0000000, 0x00000000c1580000, 0x00000000eab00000)
  object space 22016K, 63% used [0x00000000c0000000,0x00000000c0dbdb88,0x00000000c1580000)
 Metaspace       used 6155K, capacity 7152K, committed 7296K, reserved 1056768K
  class space    used 591K, capacity 616K, committed 640K, reserved 1048576K
Event: 43.760 GC heap after
Heap after GC invocations=6 (full 0):
 PSYoungGen      total 76288K, used 6962K [0x00000000eab00000, 0x00000000f0000000, 0x0000000100000000)
  eden space 68608K, 0% used [0x00000000eab00000,0x00000000eab00000,0x00000000eee00000)
  from space 7680K, 90% used [0x00000000ef680000,0x00000000efd4caa8,0x00000000efe00000)
  to   space 8704K, 0% used [0x00000000eee00000,0x00000000eee00000,0x00000000ef680000)
 ParOldGen       total 22016K, used 14078K [0x00000000c0000000, 0x00000000c1580000, 0x00000000eab00000)
  object space 22016K, 63% used [0x00000000c0000000,0x00000000c0dbfb88,0x00000000c1580000)
 Metaspace       used 6155K, capacity 7152K, committed 7296K, reserved 1056768K
  class space    used 591K, capacity 616K, committed 640K, reserved 1048576K
}

