# JRE version: Java(TM) SE Runtime Environment (8.0_101-b13) (build 1.8.0_101-b13)
# Java VM: Java HotSpot(TM) 64-Bit Server VM (25.101-b13 mixed mode windows-amd64 compressed oops)
Heap:
 PSYoungGen      total 61440K, used 11527K [0x00000000eab00000, 0x00000000f0580000, 0x0000000100000000)
  eden space 54272K, 8% used [0x00000000eab00000,0x00000000eaf45fe8,0x00000000ee000000)
  from space 7168K, 99% used [0x00000000ee000000,0x00000000ee6fbfd8,0x00000000ee700000)
  to   space 8192K, 0% used [0x00000000efd80000,0x00000000efd80000,0x00000000f0580000)
 ParOldGen       total 35328K, used 24920K [0x00000000c0000000, 0x00000000c2280000, 0x00000000eab00000)
  object space 35328K, 70% used [0x00000000c0000000,0x00000000c1856098,0x00000000c2280000)
 Metaspace       used 6555K, capacity 7416K, committed 7680K, reserved 1056768K
  class space    used 629K, capacity 688K, committed 768K, reserved 1048576K
GC Heap History (10 events):
Event: 28.211 GC heap before
{Heap before GC invocations=8 (full 0):
 PSYoungGen      total 18432K, used 18424K [0x00000000eab00000, 0x00000000ed700000, 0x0000000100000000)
  eden space 17408K, 100% used [0x00000000eab00000,0x00000000ebc00000,0x00000000ebc00000)
  from space 1024K, 99% used [0x00000000ebc00000,0x00000000ebcfe090,0x00000000ebd00000)
  to   space 5120K, 0% used [0x00000000ed200000,0x00000000ed200000,0x00000000ed700000)
 ParOldGen       total 22016K, used 15971K [0x00000000c0000000, 0x00000000c1580000, 0x00000000eab00000)
  object space 22016K, 72% used [0x00000000c0000000,0x00000000c0f98ff8,0x00000000c1580000)
 Metaspace       used 6208K, capacity 7096K, committed 7296K, reserved 1056768K
  class space    used 611K, capacity 624K, committed 640K, reserved 1048576K
Event: 28.238 GC heap after
Heap after GC invocations=8 (full 0):
 PSYoungGen      total 39936K, used 3640K [0x00000000eab00000, 0x00000000ed700000, 0x0000000100000000)
  eden space 34816K, 0% used [0x00000000eab00000,0x00000000eab00000,0x00000000ecd00000)
  from space 5120K, 71% used [0x00000000ed200000,0x00000000ed58e090,0x00000000ed700000)
  to   space 5120K, 0% used [0x00000000ecd00000,0x00000000ecd00000,0x00000000ed200000)
 ParOldGen       total 22016K, used 16026K [0x00000000c0000000, 0x00000000c1580000, 0x00000000eab00000)
  object space 22016K, 72% used [0x00000000c0000000,0x00000000c0fa6bd0,0x00000000c1580000)
 Metaspace       used 6208K, capacity 7096K, committed 7296K, reserved 1056768K
  class space    used 611K, capacity 624K, committed 640K, reserved 1048576K
}
Event: 31.520 GC heap before
{Heap before GC invocations=9 (full 0):
 PSYoungGen      total 39936K, used 38456K [0x00000000eab00000, 0x00000000ed700000, 0x0000000100000000)
  eden space 34816K, 100% used [0x00000000eab00000,0x00000000ecd00000,0x00000000ecd00000)
  from space 5120K, 71% used [0x00000000ed200000,0x00000000ed58e090,0x00000000ed700000)
  to   space 5120K, 0% used [0x00000000ecd00000,0x00000000ecd00000,0x00000000ed200000)
 ParOldGen       total 22016K, used 16026K [0x00000000c0000000, 0x00000000c1580000, 0x00000000eab00000)
  object space 22016K, 72% used [0x00000000c0000000,0x00000000c0fa6bd0,0x00000000c1580000)
 Metaspace       used 6226K, capacity 7096K, committed 7296K, reserved 1056768K
  class space    used 611K, capacity 624K, committed 640K, reserved 1048576K
Event: 31.560 GC heap after
Heap after GC invocations=9 (full 0):
 PSYoungGen      total 39936K, used 5094K [0x00000000eab00000, 0x00000000eef80000, 0x0000000100000000)
  eden space 34816K, 0% used [0x00000000eab00000,0x00000000eab00000,0x00000000ecd00000)
  from space 5120K, 99% used [0x00000000ecd00000,0x00000000ed1f9bf8,0x00000000ed200000)
  to   space 7168K, 0% used [0x00000000ee880000,0x00000000ee880000,0x00000000eef80000)
 ParOldGen       total 22016K, used 19646K [0x00000000c0000000, 0x00000000c1580000, 0x00000000eab00000)
  object space 22016K, 89% used [0x00000000c0000000,0x00000000c132f8c8,0x00000000c1580000)
 Metaspace       used 6226K, capacity 7096K, committed 7296K, reserved 1056768K
  class space    used 611K, capacity 624K, committed 640K, reserved 1048576K
}
Event: 31.560 GC heap before
{Heap before GC invocations=10 (full 1):
 PSYoungGen      total 39936K, used 5094K [0x00000000eab00000, 0x00000000eef80000, 0x0000000100000000)
  eden space 34816K, 0% used [0x00000000eab00000,0x00000000eab00000,0x00000000ecd00000)
  from space 5120K, 99% used [0x00000000ecd00000,0x00000000ed1f9bf8,0x00000000ed200000)
  to   space 7168K, 0% used [0x00000000ee880000,0x00000000ee880000,0x00000000eef80000)
 ParOldGen       total 22016K, used 19646K [0x00000000c0000000, 0x00000000c1580000, 0x00000000eab00000)
  object space 22016K, 89% used [0x00000000c0000000,0x00000000c132f8c8,0x00000000c1580000)
 Metaspace       used 6226K, capacity 7096K, committed 7296K, reserved 1056768K
  class space    used 611K, capacity 624K, committed 640K, reserved 1048576K
Event: 32.170 GC heap after
Heap after GC invocations=10 (full 1):
 PSYoungGen      total 39936K, used 0K [0x00000000eab00000, 0x00000000eef80000, 0x0000000100000000)
  eden space 34816K, 0% used [0x00000000eab00000,0x00000000eab00000,0x00000000ecd00000)
  from space 5120K, 0% used [0x00000000ecd00000,0x00000000ecd00000,0x00000000ed200000)
  to   space 7168K, 0% used [0x00000000ee880000,0x00000000ee880000,0x00000000eef80000)
 ParOldGen       total 35328K, used 20072K [0x00000000c0000000, 0x00000000c2280000, 0x00000000eab00000)
  object space 35328K, 56% used [0x00000000c0000000,0x00000000c139a3a8,0x00000000c2280000)
 Metaspace       used 6226K, capacity 7096K, committed 7296K, reserved 1056768K
  class space    used 611K, capacity 624K, committed 640K, reserved 1048576K
}
Event: 33.216 GC heap before
{Heap before GC invocations=11 (full 1):
 PSYoungGen      total 39936K, used 34816K [0x00000000eab00000, 0x00000000eef80000, 0x0000000100000000)
  eden space 34816K, 100% used [0x00000000eab00000,0x00000000ecd00000,0x00000000ecd00000)
  from space 5120K, 0% used [0x00000000ecd00000,0x00000000ecd00000,0x00000000ed200000)
  to   space 7168K, 0% used [0x00000000ee880000,0x00000000ee880000,0x00000000eef80000)
 ParOldGen       total 35328K, used 20072K [0x00000000c0000000, 0x00000000c2280000, 0x00000000eab00000)
  object space 35328K, 56% used [0x00000000c0000000,0x00000000c139a3a8,0x00000000c2280000)
 Metaspace       used 6245K, capacity 7160K, committed 7296K, reserved 1056768K
  class space    used 611K, capacity 624K, committed 640K, reserved 1048576K
Event: 33.290 GC heap after
Heap after GC invocations=11 (full 1):
 PSYoungGen      total 57344K, used 5518K [0x00000000eab00000, 0x00000000eee00000, 0x0000000100000000)
  eden space 51712K, 0% used [0x00000000eab00000,0x00000000eab00000,0x00000000edd80000)
  from space 5632K, 97% used [0x00000000ee880000,0x00000000eede3bc0,0x00000000eee00000)
  to   space 7168K, 0% used [0x00000000ee000000,0x00000000ee000000,0x00000000ee700000)
 ParOldGen       total 35328K, used 20072K [0x00000000c0000000, 0x00000000c2280000, 0x00000000eab00000)
  object space 35328K, 56% used [0x00000000c0000000,0x00000000c139a3a8,0x00000000c2280000)
 Metaspace       used 6245K, capacity 7160K, committed 7296K, reserved 1056768K
  class space    used 611K, capacity 624K, committed 640K, reserved 1048576K
}
Event: 37.027 GC heap before
{Heap before GC invocations=12 (full 1):
 PSYoungGen      total 57344K, used 57230K [0x00000000eab00000, 0x00000000eee00000, 0x0000000100000000)
  eden space 51712K, 100% used [0x00000000eab00000,0x00000000edd80000,0x00000000edd80000)
  from space 5632K, 97% used [0x00000000ee880000,0x00000000eede3bc0,0x00000000eee00000)
  to   space 7168K, 0% used [0x00000000ee000000,0x00000000ee000000,0x00000000ee700000)
 ParOldGen       total 35328K, used 20072K [0x00000000c0000000, 0x00000000c2280000, 0x00000000eab00000)
  object space 35328K, 56% used [0x00000000c0000000,0x00000000c139a3a8,0x00000000c2280000)
 Metaspace       used 6337K, capacity 7192K, committed 7424K, reserved 1056768K
  class space    used 617K, capacity 656K, committed 768K, reserved 1048576K
Event: 37.211 GC heap after
Heap after GC invocations=12 (full 1):
 PSYoungGen      total 61440K, used 7151K [0x00000000eab00000, 0x00000000f0580000, 0x0000000100000000)
  eden space 54272K, 0% used [0x00000000eab00000,0x00000000eab00000,0x00000000ee000000)
  from space 7168K, 99% used [0x00000000ee000000,0x00000000ee6fbfd8,0x00000000ee700000)
  to   space 8192K, 0% used [0x00000000efd80000,0x00000000efd80000,0x00000000f0580000)
 ParOldGen       total 35328K, used 24920K [0x00000000c0000000, 0x00000000c2280000, 0x00000000eab00000)
  object space 35328K, 70% used [0x00000000c0000000,0x00000000c1856098,0x00000000c2280000)
 Metaspace       used 6337K, capacity 7192K, committed 7424K, reserved 1056768K
  class space    used 617K, capacity 656K, committed 768K, reserved 1048576K
}

